<?xml version="1.0" encoding="UTF-8"?>
<!-- Generated by org.testng.reporters.JUnitXMLReporter -->
<testsuite hostname="Elzbieta-VAIO" name="FirefoxTest" tests="1" failures="0" timestamp="19 Oct 2015 14:38:30 GMT" time="0.036" errors="0">
  <testcase name="@BeforeSuite beforeSuite" time="0.0" classname="automationFramework.GetDataFromXml">
    <failure type="org.testng.TestNGException" message="
Parameter &amp;apos;browser&amp;apos; is required by @Configuration on method beforeSuite but has not been marked @Optional or defined
in C:\Users\Elzbieta\Documents\selenium_workspace\pierwszySelenium\src\automationFramework\testng.xml">
      <![CDATA[org.testng.TestNGException: 
Parameter 'browser' is required by @Configuration on method beforeSuite but has not been marked @Optional or defined
in C:\Users\Elzbieta\Documents\selenium_workspace\pierwszySelenium\src\automationFramework\testng.xml
... Removed 15 stack frames]]>
    </failure>
  </testcase> <!-- @BeforeSuite beforeSuite -->
  <testcase name="testUserLogin" time="0.009" classname="automationFramework.GetDataFromXml">
    <skipped/>
  </testcase> <!-- testUserLogin -->
</testsuite> <!-- FirefoxTest -->
